빌드 시작: 2015-11-11 오후 6:53:33
     1>2 노드의 "C:\Users\성실\documents\visual studio 2010\Projects\Algorithm\Permutation\Permutation.vcxproj" 프로젝트(build 대상)입니다.
     1>InitializeBuildStatus:
         "AlwaysCreate"이(가) 지정되었기 때문에 "Debug\Permutation.unsuccessfulbuild"을(를) 만들고 있습니다.
       ClCompile:
         모든 출력이 최신 상태입니다.
       ManifestResourceCompile:
         모든 출력이 최신 상태입니다.
       Link:
         c:\Program Files (x86)\Microsoft Visual Studio 10.0\VC\bin\link.exe /ERRORREPORT:PROMPT /OUT:"C:\Users\성실\documents\visual studio 2010\Projects\Algorithm\Debug\Permutation.exe" /INCREMENTAL /NOLOGO /LIBPATH:C:\opencv\build\x64\vc10\lib opencv_calib3d2410d.lib opencv_contrib2410d.lib opencv_core2410d.lib opencv_features2d2410d.lib opencv_flann2410d.lib opencv_gpu2410d.lib opencv_highgui2410d.lib opencv_imgproc2410d.lib opencv_legacy2410d.lib opencv_ml2410d.lib opencv_nonfree2410d.lib opencv_objdetect2410d.lib opencv_ocl2410d.lib opencv_photo2410d.lib opencv_stitching2410d.lib opencv_superres2410d.lib opencv_ts2410d.lib opencv_video2410d.lib opencv_videostab2410d.lib kernel32.lib user32.lib gdi32.lib winspool.lib comdlg32.lib advapi32.lib shell32.lib ole32.lib oleaut32.lib uuid.lib odbc32.lib odbccp32.lib /MANIFEST /ManifestFile:"Debug\Permutation.exe.intermediate.manifest" /MANIFESTUAC:"level='asInvoker' uiAccess='false'" /DEBUG /PDB:"C:\Users\성실\documents\visual studio 2010\Projects\Algorithm\Debug\Permutation.pdb" /SUBSYSTEM:CONSOLE /TLBID:1 /DYNAMICBASE /NXCOMPAT /IMPLIB:"C:\Users\성실\documents\visual studio 2010\Projects\Algorithm\Debug\Permutation.lib" /MACHINE:X86 Debug\Permutation.exe.embed.manifest.res
         Debug\main.obj
       Manifest:
         C:\Program Files (x86)\Microsoft SDKs\Windows\v7.0A\bin\mt.exe /nologo /verbose /out:"Debug\Permutation.exe.embed.manifest" /manifest Debug\Permutation.exe.intermediate.manifest
         모든 출력이 최신 상태입니다.
       LinkEmbedManifest:
         모든 출력이 최신 상태입니다.
         Permutation.vcxproj -> C:\Users\성실\documents\visual studio 2010\Projects\Algorithm\Debug\Permutation.exe
       FinalizeBuildStatus:
         "Debug\Permutation.unsuccessfulbuild" 파일을 삭제하고 있습니다.
         "Debug\Permutation.lastbuildstate"에 연결(touching)하고 있습니다.
     1>"C:\Users\성실\documents\visual studio 2010\Projects\Algorithm\Permutation\Permutation.vcxproj" 프로젝트를 빌드했습니다(build 대상).

빌드했습니다.

경과 시간: 00:00:01.55
